Copyright 1986-2022 Xilinx, Inc. All Rights Reserved. Copyright 2022-2024 Advanced Micro Devices, Inc. All Rights Reserved.
--------------------------------------------------------------------------------------------------------------------------------------------------------
| Tool Version : Vivado v.2024.1.2 (win64) Build 5164865 Thu Sep  5 14:37:11 MDT 2024
| Date         : Thu Mar 19 11:29:13 2026
| Host         : DESKTOP-0NKI8SO running 64-bit major release  (build 9200)
| Command      : report_methodology -file nn_rgb_methodology_drc_routed.rpt -pb nn_rgb_methodology_drc_routed.pb -rpx nn_rgb_methodology_drc_routed.rpx
| Design       : nn_rgb
| Device       : xczu7ev-ffvc1156-2-e
| Speed File   : -2
| Design State : Fully Routed
--------------------------------------------------------------------------------------------------------------------------------------------------------

Report Methodology

Table of Contents
-----------------
1. REPORT SUMMARY
2. REPORT DETAILS

1. REPORT SUMMARY
-----------------
            Netlist: netlist
          Floorplan: design_1
      Design limits: <entire design considered>
             Max violations: <unlimited>
             Violations found: 54
+-----------+----------+-------------------------------+------------+
| Rule      | Severity | Description                   | Violations |
+-----------+----------+-------------------------------+------------+
| TIMING-18 | Warning  | Missing input or output delay | 54         |
+-----------+----------+-------------------------------+------------+

2. REPORT DETAILS
-----------------
TIMING-18#1 Warning
Missing input or output delay  
An input delay is missing on b_in[0] relative to the rising and/or falling clock edge(s) of pix_clk.
Related violations: <none>

TIMING-18#2 Warning
Missing input or output delay  
An input delay is missing on b_in[1] relative to the rising and/or falling clock edge(s) of pix_clk.
Related violations: <none>

TIMING-18#3 Warning
Missing input or output delay  
An input delay is missing on b_in[2] relative to the rising and/or falling clock edge(s) of pix_clk.
Related violations: <none>

TIMING-18#4 Warning
Missing input or output delay  
An input delay is missing on b_in[3] relative to the rising and/or falling clock edge(s) of pix_clk.
Related violations: <none>

TIMING-18#5 Warning
Missing input or output delay  
An input delay is missing on b_in[4] relative to the rising and/or falling clock edge(s) of pix_clk.
Related violations: <none>

TIMING-18#6 Warning
Missing input or output delay  
An input delay is missing on b_in[5] relative to the rising and/or falling clock edge(s) of pix_clk.
Related violations: <none>

TIMING-18#7 Warning
Missing input or output delay  
An input delay is missing on b_in[6] relative to the rising and/or falling clock edge(s) of pix_clk.
Related violations: <none>

TIMING-18#8 Warning
Missing input or output delay  
An input delay is missing on b_in[7] relative to the rising and/or falling clock edge(s) of pix_clk.
Related violations: <none>

TIMING-18#9 Warning
Missing input or output delay  
An input delay is missing on de_in relative to the rising and/or falling clock edge(s) of pix_clk.
Related violations: <none>

TIMING-18#10 Warning
Missing input or output delay  
An input delay is missing on g_in[0] relative to the rising and/or falling clock edge(s) of pix_clk.
Related violations: <none>

TIMING-18#11 Warning
Missing input or output delay  
An input delay is missing on g_in[1] relative to the rising and/or falling clock edge(s) of pix_clk.
Related violations: <none>

TIMING-18#12 Warning
Missing input or output delay  
An input delay is missing on g_in[2] relative to the rising and/or falling clock edge(s) of pix_clk.
Related violations: <none>

TIMING-18#13 Warning
Missing input or output delay  
An input delay is missing on g_in[3] relative to the rising and/or falling clock edge(s) of pix_clk.
Related violations: <none>

TIMING-18#14 Warning
Missing input or output delay  
An input delay is missing on g_in[4] relative to the rising and/or falling clock edge(s) of pix_clk.
Related violations: <none>

TIMING-18#15 Warning
Missing input or output delay  
An input delay is missing on g_in[5] relative to the rising and/or falling clock edge(s) of pix_clk.
Related violations: <none>

TIMING-18#16 Warning
Missing input or output delay  
An input delay is missing on g_in[6] relative to the rising and/or falling clock edge(s) of pix_clk.
Related violations: <none>

TIMING-18#17 Warning
Missing input or output delay  
An input delay is missing on g_in[7] relative to the rising and/or falling clock edge(s) of pix_clk.
Related violations: <none>

TIMING-18#18 Warning
Missing input or output delay  
An input delay is missing on hs_in relative to the rising and/or falling clock edge(s) of pix_clk.
Related violations: <none>

TIMING-18#19 Warning
Missing input or output delay  
An input delay is missing on r_in[0] relative to the rising and/or falling clock edge(s) of pix_clk.
Related violations: <none>

TIMING-18#20 Warning
Missing input or output delay  
An input delay is missing on r_in[1] relative to the rising and/or falling clock edge(s) of pix_clk.
Related violations: <none>

TIMING-18#21 Warning
Missing input or output delay  
An input delay is missing on r_in[2] relative to the rising and/or falling clock edge(s) of pix_clk.
Related violations: <none>

TIMING-18#22 Warning
Missing input or output delay  
An input delay is missing on r_in[3] relative to the rising and/or falling clock edge(s) of pix_clk.
Related violations: <none>

TIMING-18#23 Warning
Missing input or output delay  
An input delay is missing on r_in[4] relative to the rising and/or falling clock edge(s) of pix_clk.
Related violations: <none>

TIMING-18#24 Warning
Missing input or output delay  
An input delay is missing on r_in[5] relative to the rising and/or falling clock edge(s) of pix_clk.
Related violations: <none>

TIMING-18#25 Warning
Missing input or output delay  
An input delay is missing on r_in[6] relative to the rising and/or falling clock edge(s) of pix_clk.
Related violations: <none>

TIMING-18#26 Warning
Missing input or output delay  
An input delay is missing on r_in[7] relative to the rising and/or falling clock edge(s) of pix_clk.
Related violations: <none>

TIMING-18#27 Warning
Missing input or output delay  
An input delay is missing on vs_in relative to the rising and/or falling clock edge(s) of pix_clk.
Related violations: <none>

TIMING-18#28 Warning
Missing input or output delay  
An output delay is missing on b_out[0] relative to the rising and/or falling clock edge(s) of pix_clk.
Related violations: <none>

TIMING-18#29 Warning
Missing input or output delay  
An output delay is missing on b_out[1] relative to the rising and/or falling clock edge(s) of pix_clk.
Related violations: <none>

TIMING-18#30 Warning
Missing input or output delay  
An output delay is missing on b_out[2] relative to the rising and/or falling clock edge(s) of pix_clk.
Related violations: <none>

TIMING-18#31 Warning
Missing input or output delay  
An output delay is missing on b_out[3] relative to the rising and/or falling clock edge(s) of pix_clk.
Related violations: <none>

TIMING-18#32 Warning
Missing input or output delay  
An output delay is missing on b_out[4] relative to the rising and/or falling clock edge(s) of pix_clk.
Related violations: <none>

TIMING-18#33 Warning
Missing input or output delay  
An output delay is missing on b_out[5] relative to the rising and/or falling clock edge(s) of pix_clk.
Related violations: <none>

TIMING-18#34 Warning
Missing input or output delay  
An output delay is missing on b_out[6] relative to the rising and/or falling clock edge(s) of pix_clk.
Related violations: <none>

TIMING-18#35 Warning
Missing input or output delay  
An output delay is missing on b_out[7] relative to the rising and/or falling clock edge(s) of pix_clk.
Related violations: <none>

TIMING-18#36 Warning
Missing input or output delay  
An output delay is missing on de_out relative to the rising and/or falling clock edge(s) of pix_clk.
Related violations: <none>

TIMING-18#37 Warning
Missing input or output delay  
An output delay is missing on g_out[0] relative to the rising and/or falling clock edge(s) of pix_clk.
Related violations: <none>

TIMING-18#38 Warning
Missing input or output delay  
An output delay is missing on g_out[1] relative to the rising and/or falling clock edge(s) of pix_clk.
Related violations: <none>

TIMING-18#39 Warning
Missing input or output delay  
An output delay is missing on g_out[2] relative to the rising and/or falling clock edge(s) of pix_clk.
Related violations: <none>

TIMING-18#40 Warning
Missing input or output delay  
An output delay is missing on g_out[3] relative to the rising and/or falling clock edge(s) of pix_clk.
Related violations: <none>

TIMING-18#41 Warning
Missing input or output delay  
An output delay is missing on g_out[4] relative to the rising and/or falling clock edge(s) of pix_clk.
Related violations: <none>

TIMING-18#42 Warning
Missing input or output delay  
An output delay is missing on g_out[5] relative to the rising and/or falling clock edge(s) of pix_clk.
Related violations: <none>

TIMING-18#43 Warning
Missing input or output delay  
An output delay is missing on g_out[6] relative to the rising and/or falling clock edge(s) of pix_clk.
Related violations: <none>

TIMING-18#44 Warning
Missing input or output delay  
An output delay is missing on g_out[7] relative to the rising and/or falling clock edge(s) of pix_clk.
Related violations: <none>

TIMING-18#45 Warning
Missing input or output delay  
An output delay is missing on hs_out relative to the rising and/or falling clock edge(s) of pix_clk.
Related violations: <none>

TIMING-18#46 Warning
Missing input or output delay  
An output delay is missing on r_out[0] relative to the rising and/or falling clock edge(s) of pix_clk.
Related violations: <none>

TIMING-18#47 Warning
Missing input or output delay  
An output delay is missing on r_out[1] relative to the rising and/or falling clock edge(s) of pix_clk.
Related violations: <none>

TIMING-18#48 Warning
Missing input or output delay  
An output delay is missing on r_out[2] relative to the rising and/or falling clock edge(s) of pix_clk.
Related violations: <none>

TIMING-18#49 Warning
Missing input or output delay  
An output delay is missing on r_out[3] relative to the rising and/or falling clock edge(s) of pix_clk.
Related violations: <none>

TIMING-18#50 Warning
Missing input or output delay  
An output delay is missing on r_out[4] relative to the rising and/or falling clock edge(s) of pix_clk.
Related violations: <none>

TIMING-18#51 Warning
Missing input or output delay  
An output delay is missing on r_out[5] relative to the rising and/or falling clock edge(s) of pix_clk.
Related violations: <none>

TIMING-18#52 Warning
Missing input or output delay  
An output delay is missing on r_out[6] relative to the rising and/or falling clock edge(s) of pix_clk.
Related violations: <none>

TIMING-18#53 Warning
Missing input or output delay  
An output delay is missing on r_out[7] relative to the rising and/or falling clock edge(s) of pix_clk.
Related violations: <none>

TIMING-18#54 Warning
Missing input or output delay  
An output delay is missing on vs_out relative to the rising and/or falling clock edge(s) of pix_clk.
Related violations: <none>


