
*** Running vivado
    with args -log nn_rgb.vdi -applog -m64 -product Vivado -messageDb vivado.pb -mode batch -source nn_rgb.tcl -notrace



****** Vivado v2024.1.2 (64-bit)
  **** SW Build 5164865 on Thu Sep  5 14:37:11 MDT 2024
  **** IP Build 5164407 on Fri Sep  6 08:18:11 MDT 2024
  **** SharedData Build 5164864 on Thu Sep 05 13:09:09 MDT 2024
  **** Start of session at: Thu Mar 19 11:16:56 2026
    ** Copyright 1986-2022 Xilinx, Inc. All Rights Reserved.
    ** Copyright 2022-2024 Advanced Micro Devices, Inc. All Rights Reserved.

source nn_rgb.tcl -notrace
create_project: Time (s): cpu = 00:00:11 ; elapsed = 00:00:16 . Memory (MB): peak = 508.680 ; gain = 202.176
Command: link_design -top nn_rgb -part xczu7ev-ffvc1156-2-e
Design is defaulting to srcset: sources_1
Design is defaulting to constrset: constrs_1
INFO: [Device 21-403] Loading part xczu7ev-ffvc1156-2-e
Netlist sorting complete. Time (s): cpu = 00:00:00 ; elapsed = 00:00:00.086 . Memory (MB): peak = 1655.102 ; gain = 0.000
INFO: [Netlist 29-17] Analyzing 558 Unisim elements for replacement
INFO: [Netlist 29-28] Unisim Transformation completed in 2 CPU seconds
INFO: [Project 1-479] Netlist was created with Vivado 2024.1.2
INFO: [Project 1-570] Preparing netlist for logic optimization
Parsing XDC File [C:/Users/OmilosNeonTexn/Desktop/FPGA_generate/zcu106_minimal.xdc]
create_clock: Time (s): cpu = 00:00:07 ; elapsed = 00:00:08 . Memory (MB): peak = 1806.730 ; gain = 36.332
Finished Parsing XDC File [C:/Users/OmilosNeonTexn/Desktop/FPGA_generate/zcu106_minimal.xdc]
INFO: [Opt 31-138] Pushed 0 inverter(s) to 0 load pin(s).
Netlist sorting complete. Time (s): cpu = 00:00:00 ; elapsed = 00:00:00.003 . Memory (MB): peak = 2274.113 ; gain = 0.000
INFO: [Project 1-111] Unisim Transformation Summary:
  A total of 100 instances were transformed.
  DSP48E2 => DSP48E2 (DSP_ALU, DSP_A_B_DATA, DSP_C_DATA, DSP_MULTIPLIER, DSP_M_DATA, DSP_OUTPUT, DSP_PREADD, DSP_PREADD_DATA): 71 instances
  IBUF => IBUF (IBUFCTRL, INBUF): 29 instances

7 Infos, 0 Warnings, 0 Critical Warnings and 0 Errors encountered.
link_design completed successfully
link_design: Time (s): cpu = 00:00:38 ; elapsed = 00:01:05 . Memory (MB): peak = 2274.113 ; gain = 1765.434
Command: opt_design
Attempting to get a license for feature 'Implementation' and/or device 'xczu7ev'
INFO: [Common 17-349] Got license for feature 'Implementation' and/or device 'xczu7ev'
Running DRC as a precondition to command opt_design

Starting DRC Task
INFO: [DRC 23-27] Running DRC with 2 threads
INFO: [Project 1-461] DRC finished with 0 Errors
INFO: [Project 1-462] Please refer to the DRC report (report_drc) for more information.

Time (s): cpu = 00:00:04 ; elapsed = 00:00:04 . Memory (MB): peak = 2315.090 ; gain = 40.977

Starting Cache Timing Information Task
INFO: [Timing 38-35] Done setting XDC timing constraints.
Ending Cache Timing Information Task | Checksum: 269be8022

Time (s): cpu = 00:00:13 ; elapsed = 00:00:18 . Memory (MB): peak = 2693.500 ; gain = 378.410

Starting Logic Optimization Task

Phase 1 Initialization

Phase 1.1 Core Generation And Design Setup
Phase 1.1 Core Generation And Design Setup | Checksum: 269be8022

Time (s): cpu = 00:00:00 ; elapsed = 00:00:00.139 . Memory (MB): peak = 3090.516 ; gain = 0.000

Phase 1.2 Setup Constraints And Sort Netlist
Phase 1.2 Setup Constraints And Sort Netlist | Checksum: 269be8022

Time (s): cpu = 00:00:00 ; elapsed = 00:00:00.161 . Memory (MB): peak = 3090.516 ; gain = 0.000
Phase 1 Initialization | Checksum: 269be8022

Time (s): cpu = 00:00:00 ; elapsed = 00:00:00.163 . Memory (MB): peak = 3090.516 ; gain = 0.000

Phase 2 Timer Update And Timing Data Collection

Phase 2.1 Timer Update
Phase 2.1 Timer Update | Checksum: 269be8022

Time (s): cpu = 00:00:03 ; elapsed = 00:00:02 . Memory (MB): peak = 3090.516 ; gain = 0.000

Phase 2.2 Timing Data Collection
Phase 2.2 Timing Data Collection | Checksum: 269be8022

Time (s): cpu = 00:00:03 ; elapsed = 00:00:02 . Memory (MB): peak = 3090.516 ; gain = 0.000
Phase 2 Timer Update And Timing Data Collection | Checksum: 269be8022

Time (s): cpu = 00:00:03 ; elapsed = 00:00:02 . Memory (MB): peak = 3090.516 ; gain = 0.000

Phase 3 Retarget
INFO: [Opt 31-1834] Total Chains To Be Transformed Were: 0 AND Number of Transformed insts Created are: 0
INFO: [Opt 31-138] Pushed 0 inverter(s) to 0 load pin(s).
INFO: [Opt 31-49] Retargeted 0 cell(s).
Phase 3 Retarget | Checksum: 256c3c7a9

Time (s): cpu = 00:00:03 ; elapsed = 00:00:03 . Memory (MB): peak = 3090.516 ; gain = 0.000
Retarget | Checksum: 256c3c7a9
INFO: [Opt 31-389] Phase Retarget created 0 cells and removed 0 cells

Phase 4 Constant propagation
INFO: [Opt 31-138] Pushed 0 inverter(s) to 0 load pin(s).
Phase 4 Constant propagation | Checksum: 21f5f0998

Time (s): cpu = 00:00:03 ; elapsed = 00:00:03 . Memory (MB): peak = 3090.516 ; gain = 0.000
Constant propagation | Checksum: 21f5f0998
INFO: [Opt 31-389] Phase Constant propagation created 0 cells and removed 0 cells

Phase 5 Sweep
Phase 5 Sweep | Checksum: 2248f41b6

Time (s): cpu = 00:00:03 ; elapsed = 00:00:04 . Memory (MB): peak = 3090.516 ; gain = 0.000
Sweep | Checksum: 2248f41b6
INFO: [Opt 31-389] Phase Sweep created 15 cells and removed 0 cells

Phase 6 BUFG optimization
INFO: [Opt 31-1077] Phase BUFG optimization inserted 0 global clock buffer(s) for CLOCK_LOW_FANOUT.
Phase 6 BUFG optimization | Checksum: 2248f41b6

Time (s): cpu = 00:00:05 ; elapsed = 00:00:04 . Memory (MB): peak = 3090.516 ; gain = 0.000
BUFG optimization | Checksum: 2248f41b6
INFO: [Opt 31-662] Phase BUFG optimization created 0 cells of which 0 are BUFGs and removed 0 cells.

Phase 7 Shift Register Optimization
INFO: [Opt 31-1064] SRL Remap converted 0 SRLs to 0 registers and converted 0 registers of register chains to 0 SRLs
Phase 7 Shift Register Optimization | Checksum: 2248f41b6

Time (s): cpu = 00:00:05 ; elapsed = 00:00:04 . Memory (MB): peak = 3090.516 ; gain = 0.000
Shift Register Optimization | Checksum: 2248f41b6
INFO: [Opt 31-389] Phase Shift Register Optimization created 0 cells and removed 0 cells

Phase 8 Post Processing Netlist
Phase 8 Post Processing Netlist | Checksum: 2248f41b6

Time (s): cpu = 00:00:05 ; elapsed = 00:00:05 . Memory (MB): peak = 3090.516 ; gain = 0.000
Post Processing Netlist | Checksum: 2248f41b6
INFO: [Opt 31-389] Phase Post Processing Netlist created 0 cells and removed 0 cells

Phase 9 Finalization

Phase 9.1 Finalizing Design Cores and Updating Shapes
Phase 9.1 Finalizing Design Cores and Updating Shapes | Checksum: 1b8497056

Time (s): cpu = 00:00:05 ; elapsed = 00:00:05 . Memory (MB): peak = 3090.516 ; gain = 0.000

Phase 9.2 Verifying Netlist Connectivity

Starting Connectivity Check Task

Time (s): cpu = 00:00:00 ; elapsed = 00:00:00.022 . Memory (MB): peak = 3090.516 ; gain = 0.000
Phase 9.2 Verifying Netlist Connectivity | Checksum: 1b8497056

Time (s): cpu = 00:00:05 ; elapsed = 00:00:05 . Memory (MB): peak = 3090.516 ; gain = 0.000
Phase 9 Finalization | Checksum: 1b8497056

Time (s): cpu = 00:00:05 ; elapsed = 00:00:05 . Memory (MB): peak = 3090.516 ; gain = 0.000
Opt_design Change Summary
=========================


-------------------------------------------------------------------------------------------------------------------------
|  Phase                        |  #Cells created  |  #Cells Removed  |  #Constrained objects preventing optimizations  |
-------------------------------------------------------------------------------------------------------------------------
|  Retarget                     |               0  |               0  |                                              0  |
|  Constant propagation         |               0  |               0  |                                              0  |
|  Sweep                        |              15  |               0  |                                              0  |
|  BUFG optimization            |               0  |               0  |                                              0  |
|  Shift Register Optimization  |               0  |               0  |                                              0  |
|  Post Processing Netlist      |               0  |               0  |                                              0  |
-------------------------------------------------------------------------------------------------------------------------


Ending Logic Optimization Task | Checksum: 1b8497056

Time (s): cpu = 00:00:05 ; elapsed = 00:00:05 . Memory (MB): peak = 3090.516 ; gain = 0.000

Starting Power Optimization Task
INFO: [Pwropt 34-132] Skipping clock gating for clocks with a period < 2.00 ns.
Ending Power Optimization Task | Checksum: 1b8497056

Time (s): cpu = 00:00:00 ; elapsed = 00:00:00.463 . Memory (MB): peak = 3090.516 ; gain = 0.000

Starting Final Cleanup Task
Ending Final Cleanup Task | Checksum: 1b8497056

Time (s): cpu = 00:00:00 ; elapsed = 00:00:00.002 . Memory (MB): peak = 3090.516 ; gain = 0.000

Starting Netlist Obfuscation Task
Netlist sorting complete. Time (s): cpu = 00:00:00 ; elapsed = 00:00:00.003 . Memory (MB): peak = 3090.516 ; gain = 0.000
Ending Netlist Obfuscation Task | Checksum: 1b8497056

Time (s): cpu = 00:00:00 ; elapsed = 00:00:00.005 . Memory (MB): peak = 3090.516 ; gain = 0.000
INFO: [Common 17-83] Releasing license: Implementation
26 Infos, 0 Warnings, 0 Critical Warnings and 0 Errors encountered.
opt_design completed successfully
opt_design: Time (s): cpu = 00:00:28 ; elapsed = 00:00:38 . Memory (MB): peak = 3090.516 ; gain = 816.402
INFO: [Vivado 12-24828] Executing command : report_drc -file nn_rgb_drc_opted.rpt -pb nn_rgb_drc_opted.pb -rpx nn_rgb_drc_opted.rpx
Command: report_drc -file nn_rgb_drc_opted.rpt -pb nn_rgb_drc_opted.pb -rpx nn_rgb_drc_opted.rpx
INFO: [IP_Flow 19-234] Refreshing IP repositories
INFO: [IP_Flow 19-1704] No user IP repositories specified
INFO: [IP_Flow 19-2313] Loaded Vivado IP repository 'C:/Xilinx/xilinx1/Vivado/2024.1/data/ip'.
INFO: [DRC 23-27] Running DRC with 2 threads
INFO: [Vivado_Tcl 2-168] The results of DRC are in file C:/Users/OmilosNeonTexn/Desktop/tepak/erevna/FPGA_generate - Copy/vivado_thesis/thesis_ultrascale_1/thesis_ultrascale_1.runs/impl_1/nn_rgb_drc_opted.rpt.
report_drc completed successfully
report_drc: Time (s): cpu = 00:00:06 ; elapsed = 00:00:12 . Memory (MB): peak = 3090.516 ; gain = 0.000
generate_parallel_reports: Time (s): cpu = 00:00:06 ; elapsed = 00:00:12 . Memory (MB): peak = 3090.516 ; gain = 0.000
INFO: [Timing 38-480] Writing timing data to binary archive.
Write ShapeDB Complete: Time (s): cpu = 00:00:00 ; elapsed = 00:00:00.338 . Memory (MB): peak = 3090.516 ; gain = 0.000
INFO: [Common 17-1381] The checkpoint 'C:/Users/OmilosNeonTexn/Desktop/tepak/erevna/FPGA_generate - Copy/vivado_thesis/thesis_ultrascale_1/thesis_ultrascale_1.runs/impl_1/nn_rgb_opt.dcp' has been generated.
write_checkpoint: Time (s): cpu = 00:00:01 ; elapsed = 00:00:11 . Memory (MB): peak = 3090.516 ; gain = 0.000
Command: place_design
Attempting to get a license for feature 'Implementation' and/or device 'xczu7ev'
INFO: [Common 17-349] Got license for feature 'Implementation' and/or device 'xczu7ev'
INFO: [Common 17-83] Releasing license: Implementation
INFO: [DRC 23-27] Running DRC with 2 threads
INFO: [Vivado_Tcl 4-198] DRC finished with 0 Errors
INFO: [Vivado_Tcl 4-199] Please refer to the DRC report (report_drc) for more information.
Running DRC as a precondition to command place_design
INFO: [DRC 23-27] Running DRC with 2 threads
INFO: [Vivado_Tcl 4-198] DRC finished with 0 Errors
INFO: [Vivado_Tcl 4-199] Please refer to the DRC report (report_drc) for more information.
INFO: [Place 30-611] Multithreading enabled for place_design using a maximum of 2 CPUs

Starting Placer Task

Phase 1 Placer Initialization

Phase 1.1 Placer Initialization Netlist Sorting
Netlist sorting complete. Time (s): cpu = 00:00:00 ; elapsed = 00:00:00.003 . Memory (MB): peak = 3090.516 ; gain = 0.000
Phase 1.1 Placer Initialization Netlist Sorting | Checksum: 18e66e4c9

Time (s): cpu = 00:00:00 ; elapsed = 00:00:01 . Memory (MB): peak = 3090.516 ; gain = 0.000
Netlist sorting complete. Time (s): cpu = 00:00:00 ; elapsed = 00:00:00.002 . Memory (MB): peak = 3090.516 ; gain = 0.000

Phase 1.2 IO Placement/ Clock Placement/ Build Placer Device
INFO: [Timing 38-35] Done setting XDC timing constraints.
Phase 1.2 IO Placement/ Clock Placement/ Build Placer Device | Checksum: 2ccf9b723

Time (s): cpu = 00:00:39 ; elapsed = 00:01:20 . Memory (MB): peak = 4118.926 ; gain = 1028.410

Phase 1.3 Build Placer Netlist Model
Phase 1.3 Build Placer Netlist Model | Checksum: 2f62fc789

Time (s): cpu = 00:00:50 ; elapsed = 00:01:42 . Memory (MB): peak = 4118.926 ; gain = 1028.410

Phase 1.4 Constrain Clocks/Macros
Phase 1.4 Constrain Clocks/Macros | Checksum: 2f62fc789

Time (s): cpu = 00:00:51 ; elapsed = 00:01:42 . Memory (MB): peak = 4118.926 ; gain = 1028.410
Phase 1 Placer Initialization | Checksum: 2f62fc789

Time (s): cpu = 00:00:51 ; elapsed = 00:01:43 . Memory (MB): peak = 4118.926 ; gain = 1028.410

Phase 2 Global Placement

Phase 2.1 Floorplanning

Phase 2.1.1 Partition Driven Placement

Phase 2.1.1.1 PBP: Partition Driven Placement
Phase 2.1.1.1 PBP: Partition Driven Placement | Checksum: 34ad06a91

Time (s): cpu = 00:00:55 ; elapsed = 00:01:48 . Memory (MB): peak = 4118.926 ; gain = 1028.410

Phase 2.1.1.2 PBP: Clock Region Placement
INFO: [Place 30-3162] Check ILP status : ILP-based clock placer completed successfully.
Phase 2.1.1.2 PBP: Clock Region Placement | Checksum: 2f0c996fd

Time (s): cpu = 00:00:56 ; elapsed = 00:01:52 . Memory (MB): peak = 4118.926 ; gain = 1028.410

Phase 2.1.1.3 PBP: Compute Congestion
Phase 2.1.1.3 PBP: Compute Congestion | Checksum: 2f0c996fd

Time (s): cpu = 00:01:16 ; elapsed = 00:02:07 . Memory (MB): peak = 4118.926 ; gain = 1028.410

Phase 2.1.1.4 PBP: UpdateTiming
Phase 2.1.1.4 PBP: UpdateTiming | Checksum: 2fa7327c8

Time (s): cpu = 00:01:16 ; elapsed = 00:02:08 . Memory (MB): peak = 4118.926 ; gain = 1028.410

Phase 2.1.1.5 PBP: Add part constraints
Phase 2.1.1.5 PBP: Add part constraints | Checksum: 2fa7327c8

Time (s): cpu = 00:01:16 ; elapsed = 00:02:08 . Memory (MB): peak = 4118.926 ; gain = 1028.410
Phase 2.1.1 Partition Driven Placement | Checksum: 2fa7327c8

Time (s): cpu = 00:01:16 ; elapsed = 00:02:08 . Memory (MB): peak = 4118.926 ; gain = 1028.410
Phase 2.1 Floorplanning | Checksum: 3ab98f204

Time (s): cpu = 00:01:16 ; elapsed = 00:02:08 . Memory (MB): peak = 4118.926 ; gain = 1028.410

Phase 2.2 Update Timing before SLR Path Opt
Phase 2.2 Update Timing before SLR Path Opt | Checksum: 3ab98f204

Time (s): cpu = 00:01:16 ; elapsed = 00:02:08 . Memory (MB): peak = 4118.926 ; gain = 1028.410

Phase 2.3 Post-Processing in Floorplanning
Phase 2.3 Post-Processing in Floorplanning | Checksum: 3ab98f204

Time (s): cpu = 00:01:16 ; elapsed = 00:02:08 . Memory (MB): peak = 4118.926 ; gain = 1028.410

Phase 2.4 Global Placement Core

Phase 2.4.1 UpdateTiming Before Physical Synthesis
Phase 2.4.1 UpdateTiming Before Physical Synthesis | Checksum: 2d3de80e3

Time (s): cpu = 00:04:01 ; elapsed = 00:03:42 . Memory (MB): peak = 4118.926 ; gain = 1028.410

Phase 2.4.2 Physical Synthesis In Placer
INFO: [Physopt 32-1035] Found 25 LUTNM shape to break, 100 LUT instances to create LUTNM shape
INFO: [Physopt 32-1044] Break lutnm for timing: one critical 11, two critical 14, total 25, new lutff created 0
INFO: [Physopt 32-1138] End 1 Pass. Optimized 68 nets or LUTs. Breaked 25 LUTs, combined 43 existing LUTs and moved 0 existing LUT
INFO: [Physopt 32-69] No nets found for rewiring optimization.
INFO: [Physopt 32-661] Optimized 0 net.  Re-placed 0 instance.
INFO: [Physopt 32-775] End 1 Pass. Optimized 0 net or cell. Created 0 new cell, deleted 0 existing cell and moved 0 existing cell
INFO: [Physopt 32-65] No nets found for high-fanout optimization.
INFO: [Physopt 32-232] Optimized 0 net. Created 0 new instance.
INFO: [Physopt 32-775] End 1 Pass. Optimized 0 net or cell. Created 0 new cell, deleted 0 existing cell and moved 0 existing cell
INFO: [Physopt 32-76] Pass 1. Identified 2 candidate nets for fanout optimization.
INFO: [Physopt 32-81] Processed net gen[1].gen2[6].knot/A0. Replicated 1 times.
INFO: [Physopt 32-81] Processed net gen[1].gen2[5].knot/A0. Replicated 1 times.
INFO: [Physopt 32-232] Optimized 2 nets. Created 2 new instances.
INFO: [Physopt 32-775] End 1 Pass. Optimized 2 nets or cells. Created 2 new cells, deleted 0 existing cell and moved 0 existing cell
Netlist sorting complete. Time (s): cpu = 00:00:00 ; elapsed = 00:00:00.015 . Memory (MB): peak = 4118.926 ; gain = 0.000
INFO: [Physopt 32-46] Identified 18 candidate nets for critical-cell optimization.
INFO: [Physopt 32-81] Processed net gen[1].gen2[6].knot/sumAdress[4]. Replicated 1 times.
INFO: [Physopt 32-81] Processed net gen[1].gen2[6].knot/sumAdress[5]. Replicated 1 times.
INFO: [Physopt 32-81] Processed net gen[1].gen2[6].knot/sumAdress[6]. Replicated 1 times.
INFO: [Physopt 32-81] Processed net gen[1].gen2[6].knot/sumAdress[7]. Replicated 1 times.
INFO: [Physopt 32-81] Processed net gen[1].gen2[6].knot/sumAdress[12]. Replicated 1 times.
INFO: [Physopt 32-81] Processed net gen[1].gen2[6].knot/sumAdress[13]. Replicated 1 times.
INFO: [Physopt 32-81] Processed net gen[1].gen2[6].knot/sumAdress[14]. Replicated 1 times.
INFO: [Physopt 32-81] Processed net gen[1].gen2[5].knot/sumAdress[11]. Replicated 1 times.
INFO: [Physopt 32-81] Processed net gen[1].gen2[5].knot/sumAdress[6]. Replicated 1 times.
INFO: [Physopt 32-81] Processed net gen[1].gen2[5].knot/sumAdress[4]. Replicated 1 times.
INFO: [Physopt 32-81] Processed net gen[1].gen2[5].knot/sumAdress[7]. Replicated 1 times.
INFO: [Physopt 32-81] Processed net gen[1].gen2[5].knot/sumAdress[8]. Replicated 1 times.
INFO: [Physopt 32-81] Processed net gen[1].gen2[5].knot/sumAdress[5]. Replicated 1 times.
INFO: [Physopt 32-81] Processed net gen[1].gen2[5].knot/sumAdress[9]. Replicated 1 times.
INFO: [Physopt 32-81] Processed net gen[1].gen2[5].knot/sumAdress[10]. Replicated 1 times.
INFO: [Physopt 32-81] Processed net gen[1].gen2[5].knot/sumAdress[14]. Replicated 1 times.
INFO: [Physopt 32-81] Processed net gen[1].gen2[5].knot/sumAdress[13]. Replicated 1 times.
INFO: [Physopt 32-81] Processed net gen[1].gen2[5].knot/sumAdress[12]. Replicated 1 times.
INFO: [Physopt 32-232] Optimized 18 nets. Created 18 new instances.
INFO: [Physopt 32-775] End 1 Pass. Optimized 18 nets or cells. Created 18 new cells, deleted 0 existing cell and moved 0 existing cell
Netlist sorting complete. Time (s): cpu = 00:00:00 ; elapsed = 00:00:00.016 . Memory (MB): peak = 4118.926 ; gain = 0.000
INFO: [Physopt 32-457] Pass 1. Identified 14 candidate cells for DSP register optimization.
INFO: [Physopt 32-665] Processed cell gen[2].gen2[1].knot/gen[6].mult/prod_r_reg. 8 registers were pushed out.
INFO: [Physopt 32-665] Processed cell gen[2].gen2[0].knot/gen[6].mult/prod_r_reg. 8 registers were pushed out.
INFO: [Physopt 32-665] Processed cell gen[2].gen2[1].knot/gen[1].mult/prod_r_reg. 8 registers were pushed out.
INFO: [Physopt 32-665] Processed cell gen[2].gen2[0].knot/gen[1].mult/prod_r_reg. 8 registers were pushed out.
INFO: [Physopt 32-665] Processed cell gen[2].gen2[1].knot/gen[3].mult/prod_r_reg. 8 registers were pushed out.
INFO: [Physopt 32-665] Processed cell gen[2].gen2[0].knot/gen[3].mult/prod_r_reg. 8 registers were pushed out.
INFO: [Physopt 32-665] Processed cell gen[2].gen2[1].knot/gen[5].mult/prod_r_reg. 8 registers were pushed out.
INFO: [Physopt 32-665] Processed cell gen[2].gen2[0].knot/gen[4].mult/prod_r_reg. 8 registers were pushed out.
INFO: [Physopt 32-665] Processed cell gen[2].gen2[0].knot/gen[5].mult/prod_r_reg. 8 registers were pushed out.
INFO: [Physopt 32-665] Processed cell gen[2].gen2[1].knot/gen[4].mult/prod_r_reg. 8 registers were pushed out.
INFO: [Physopt 32-665] Processed cell gen[2].gen2[1].knot/gen[2].mult/prod_r_reg. 8 registers were pushed out.
INFO: [Physopt 32-665] Processed cell gen[2].gen2[0].knot/gen[2].mult/prod_r_reg. 8 registers were pushed out.
INFO: [Physopt 32-665] Processed cell gen[2].gen2[0].knot/gen[0].mult/prod_r_reg. 8 registers were pushed out.
INFO: [Physopt 32-665] Processed cell gen[2].gen2[1].knot/gen[0].mult/prod_r_reg. 8 registers were pushed out.
INFO: [Physopt 32-775] End 2 Pass. Optimized 14 nets or cells. Created 112 new cells, deleted 0 existing cell and moved 0 existing cell
Netlist sorting complete. Time (s): cpu = 00:00:00 ; elapsed = 00:00:00.094 . Memory (MB): peak = 4118.926 ; gain = 0.000
INFO: [Physopt 32-1123] No candidate cells found for Shift Register to Pipeline optimization
INFO: [Physopt 32-775] End 2 Pass. Optimized 0 net or cell. Created 0 new cell, deleted 0 existing cell and moved 0 existing cell
INFO: [Physopt 32-1401] No candidate cells found for Shift Register optimization.
INFO: [Physopt 32-677] No candidate cells for Shift Register optimization found in the design
INFO: [Physopt 32-775] End 1 Pass. Optimized 0 net or cell. Created 0 new cell, deleted 0 existing cell and moved 0 existing cell
INFO: [Physopt 32-526] No candidate cells for BRAM register optimization found in the design
INFO: [Physopt 32-775] End 1 Pass. Optimized 0 net or cell. Created 0 new cell, deleted 0 existing cell and moved 0 existing cell
INFO: [Physopt 32-846] No candidate cells for URAM register optimization found in the design
INFO: [Physopt 32-775] End 1 Pass. Optimized 0 net or cell. Created 0 new cell, deleted 0 existing cell and moved 0 existing cell
INFO: [Physopt 32-846] No candidate cells for URAM register optimization found in the design
INFO: [Physopt 32-775] End 1 Pass. Optimized 0 net or cell. Created 0 new cell, deleted 0 existing cell and moved 0 existing cell
INFO: [Physopt 32-949] No candidate nets found for dynamic/static region interface net replication
INFO: [Physopt 32-775] End 1 Pass. Optimized 0 net or cell. Created 0 new cell, deleted 0 existing cell and moved 0 existing cell
Netlist sorting complete. Time (s): cpu = 00:00:00 ; elapsed = 00:00:00.003 . Memory (MB): peak = 4118.926 ; gain = 0.000

Summary of Physical Synthesis Optimizations
============================================


-----------------------------------------------------------------------------------------------------------------------------------------------------------
|  Optimization                                     |  Added Cells  |  Removed Cells  |  Optimized Cells/Nets  |  Dont Touch  |  Iterations  |  Elapsed   |
-----------------------------------------------------------------------------------------------------------------------------------------------------------
|  LUT Combining                                    |           25  |             43  |                    68  |           0  |           1  |  00:00:01  |
|  Retime                                           |            0  |              0  |                     0  |           0  |           1  |  00:00:00  |
|  Equivalent Driver Rewiring                       |            0  |              0  |                     0  |           0  |           1  |  00:00:00  |
|  Very High Fanout                                 |            0  |              0  |                     0  |           0  |           1  |  00:00:00  |
|  Fanout                                           |            2  |              0  |                     2  |           0  |           1  |  00:00:01  |
|  Critical Cell                                    |           18  |              0  |                    18  |           0  |           1  |  00:00:01  |
|  DSP Register                                     |          112  |              0  |                    14  |           0  |           1  |  00:00:03  |
|  Shift Register to Pipeline                       |            0  |              0  |                     0  |           0  |           1  |  00:00:00  |
|  Shift Register                                   |            0  |              0  |                     0  |           0  |           1  |  00:00:00  |
|  BRAM Register                                    |            0  |              0  |                     0  |           0  |           1  |  00:00:00  |
|  URAM Register                                    |            0  |              0  |                     0  |           0  |           1  |  00:00:00  |
|  Dynamic/Static Region Interface Net Replication  |            0  |              0  |                     0  |           0  |           1  |  00:00:00  |
|  Total                                            |          157  |             43  |                   102  |           0  |          12  |  00:00:06  |
-----------------------------------------------------------------------------------------------------------------------------------------------------------


Phase 2.4.2 Physical Synthesis In Placer | Checksum: 245603b12

Time (s): cpu = 00:04:06 ; elapsed = 00:03:52 . Memory (MB): peak = 4118.926 ; gain = 1028.410
Phase 2.4 Global Placement Core | Checksum: 245e455ad

Time (s): cpu = 00:04:28 ; elapsed = 00:04:05 . Memory (MB): peak = 4118.926 ; gain = 1028.410
Phase 2 Global Placement | Checksum: 245e455ad

Time (s): cpu = 00:04:28 ; elapsed = 00:04:06 . Memory (MB): peak = 4118.926 ; gain = 1028.410

Phase 3 Detail Placement

Phase 3.1 Commit Multi Column Macros
Phase 3.1 Commit Multi Column Macros | Checksum: 23a247636

Time (s): cpu = 00:04:49 ; elapsed = 00:04:18 . Memory (MB): peak = 4118.926 ; gain = 1028.410

Phase 3.2 Commit Most Macros & LUTRAMs
Phase 3.2 Commit Most Macros & LUTRAMs | Checksum: 2af0beb4b

Time (s): cpu = 00:04:51 ; elapsed = 00:04:20 . Memory (MB): peak = 4118.926 ; gain = 1028.410

Phase 3.3 Small Shape DP

Phase 3.3.1 Small Shape Clustering
Phase 3.3.1 Small Shape Clustering | Checksum: 27b321c38

Time (s): cpu = 00:05:46 ; elapsed = 00:04:56 . Memory (MB): peak = 4118.926 ; gain = 1028.410

Phase 3.3.2 Slice Area Swap

Phase 3.3.2.1 Slice Area Swap Initial
Phase 3.3.2.1 Slice Area Swap Initial | Checksum: 2a813cbf8

Time (s): cpu = 00:06:07 ; elapsed = 00:05:08 . Memory (MB): peak = 4121.152 ; gain = 1030.637
Phase 3.3.2 Slice Area Swap | Checksum: 2a813cbf8

Time (s): cpu = 00:06:07 ; elapsed = 00:05:08 . Memory (MB): peak = 4123.828 ; gain = 1033.312
Phase 3.3 Small Shape DP | Checksum: 2d7ec8b55

Time (s): cpu = 00:06:50 ; elapsed = 00:05:32 . Memory (MB): peak = 4128.121 ; gain = 1037.605

Phase 3.4 Re-assign LUT pins
Phase 3.4 Re-assign LUT pins | Checksum: 28af79b44

Time (s): cpu = 00:06:50 ; elapsed = 00:05:32 . Memory (MB): peak = 4128.121 ; gain = 1037.605

Phase 3.5 Pipeline Register Optimization
Phase 3.5 Pipeline Register Optimization | Checksum: 225bf98e6

Time (s): cpu = 00:06:50 ; elapsed = 00:05:33 . Memory (MB): peak = 4128.121 ; gain = 1037.605

Phase 3.6 Fast Optimization
Phase 3.6 Fast Optimization | Checksum: 302901d80

Time (s): cpu = 00:07:01 ; elapsed = 00:05:39 . Memory (MB): peak = 4128.121 ; gain = 1037.605
Phase 3 Detail Placement | Checksum: 302901d80

Time (s): cpu = 00:07:01 ; elapsed = 00:05:39 . Memory (MB): peak = 4128.121 ; gain = 1037.605

Phase 4 Post Placement Optimization and Clean-Up

Phase 4.1 Post Commit Optimization
INFO: [Timing 38-35] Done setting XDC timing constraints.

Phase 4.1.1 Post Placement Optimization
Post Placement Optimization Initialization | Checksum: 34101ae0a

Phase 4.1.1.1 BUFG Insertion

Starting Physical Synthesis Task

Phase 1 Physical Synthesis Initialization
INFO: [Physopt 32-721] Multithreading enabled for phys_opt_design using a maximum of 2 CPUs
INFO: [Physopt 32-619] Estimated Timing Summary | WNS=0.070 | TNS=0.000 |
Phase 1 Physical Synthesis Initialization | Checksum: 2017ae405

Time (s): cpu = 00:00:00 ; elapsed = 00:00:00.468 . Memory (MB): peak = 4196.133 ; gain = 0.000
INFO: [Place 46-56] BUFG insertion identified 0 candidate nets. Inserted BUFG: 0, Replicated BUFG Driver: 0, Skipped due to Placement/Routing Conflicts: 0, Skipped due to Timing Degradation: 0, Skipped due to netlist editing failed: 0.
Ending Physical Synthesis Task | Checksum: 31628968d

Time (s): cpu = 00:00:01 ; elapsed = 00:00:00.758 . Memory (MB): peak = 4196.133 ; gain = 0.000
Phase 4.1.1.1 BUFG Insertion | Checksum: 34101ae0a

Time (s): cpu = 00:07:40 ; elapsed = 00:06:08 . Memory (MB): peak = 4196.133 ; gain = 1105.617

Phase 4.1.1.2 Post Placement Timing Optimization
INFO: [Place 30-746] Post Placement Timing Summary WNS=0.505. For the most accurate timing information please run report_timing.
Phase 4.1.1.2 Post Placement Timing Optimization | Checksum: 259207ad5

Time (s): cpu = 00:08:05 ; elapsed = 00:06:33 . Memory (MB): peak = 4196.133 ; gain = 1105.617

Time (s): cpu = 00:08:05 ; elapsed = 00:06:33 . Memory (MB): peak = 4196.133 ; gain = 1105.617
Phase 4.1 Post Commit Optimization | Checksum: 259207ad5

Time (s): cpu = 00:08:05 ; elapsed = 00:06:33 . Memory (MB): peak = 4196.133 ; gain = 1105.617
Netlist sorting complete. Time (s): cpu = 00:00:00 ; elapsed = 00:00:00.003 . Memory (MB): peak = 4220.219 ; gain = 0.000

Phase 4.2 Post Placement Cleanup
Phase 4.2 Post Placement Cleanup | Checksum: 2204927af

Time (s): cpu = 00:08:32 ; elapsed = 00:06:55 . Memory (MB): peak = 4220.219 ; gain = 1129.703

Phase 4.3 Placer Reporting

Phase 4.3.1 Print Estimated Congestion
INFO: [Place 30-612] Post-Placement Estimated Congestion 
 ________________________________________________________________________
|           | Global Congestion | Long Congestion   | Short Congestion  |
| Direction | Region Size       | Region Size       | Region Size       |
|___________|___________________|___________________|___________________|
|      North|                1x1|                1x1|                1x1|
|___________|___________________|___________________|___________________|
|      South|                1x1|                1x1|                1x1|
|___________|___________________|___________________|___________________|
|       East|                1x1|                1x1|                1x1|
|___________|___________________|___________________|___________________|
|       West|                1x1|                1x1|                1x1|
|___________|___________________|___________________|___________________|

Phase 4.3.1 Print Estimated Congestion | Checksum: 2204927af

Time (s): cpu = 00:08:32 ; elapsed = 00:06:56 . Memory (MB): peak = 4220.219 ; gain = 1129.703
Phase 4.3 Placer Reporting | Checksum: 2204927af

Time (s): cpu = 00:08:32 ; elapsed = 00:06:56 . Memory (MB): peak = 4220.219 ; gain = 1129.703

Phase 4.4 Final Placement Cleanup
Netlist sorting complete. Time (s): cpu = 00:00:00 ; elapsed = 00:00:00.003 . Memory (MB): peak = 4220.219 ; gain = 0.000

Time (s): cpu = 00:08:32 ; elapsed = 00:06:56 . Memory (MB): peak = 4220.219 ; gain = 1129.703
Phase 4 Post Placement Optimization and Clean-Up | Checksum: 1f5eba925

Time (s): cpu = 00:08:32 ; elapsed = 00:06:56 . Memory (MB): peak = 4220.219 ; gain = 1129.703
Ending Placer Task | Checksum: 1a7152427

Time (s): cpu = 00:08:33 ; elapsed = 00:06:56 . Memory (MB): peak = 4220.219 ; gain = 1129.703
115 Infos, 0 Warnings, 0 Critical Warnings and 0 Errors encountered.
place_design completed successfully
place_design: Time (s): cpu = 00:08:42 ; elapsed = 00:07:08 . Memory (MB): peak = 4220.219 ; gain = 1129.703
INFO: [Vivado 12-24838] Running report commands "report_control_sets, report_io, report_utilization" in parallel.
Running report generation with 2 threads.
INFO: [Vivado 12-24828] Executing command : report_io -file nn_rgb_io_placed.rpt
report_io: Time (s): cpu = 00:00:00 ; elapsed = 00:00:03 . Memory (MB): peak = 4220.219 ; gain = 0.000
INFO: [Vivado 12-24828] Executing command : report_control_sets -verbose -file nn_rgb_control_sets_placed.rpt
report_control_sets: Time (s): cpu = 00:00:00 ; elapsed = 00:00:00.023 . Memory (MB): peak = 4220.219 ; gain = 0.000
INFO: [Vivado 12-24828] Executing command : report_utilization -file nn_rgb_utilization_placed.rpt -pb nn_rgb_utilization_placed.pb
report_utilization: Time (s): cpu = 00:00:00 ; elapsed = 00:00:07 . Memory (MB): peak = 4220.219 ; gain = 0.000
generate_parallel_reports: Time (s): cpu = 00:00:00 ; elapsed = 00:00:12 . Memory (MB): peak = 4220.219 ; gain = 0.000
INFO: [Timing 38-480] Writing timing data to binary archive.
Write ShapeDB Complete: Time (s): cpu = 00:00:01 ; elapsed = 00:00:00.304 . Memory (MB): peak = 4220.219 ; gain = 0.000
Wrote PlaceDB: Time (s): cpu = 00:00:02 ; elapsed = 00:00:02 . Memory (MB): peak = 4220.219 ; gain = 0.000
Wrote PulsedLatchDB: Time (s): cpu = 00:00:00 ; elapsed = 00:00:00.001 . Memory (MB): peak = 4220.219 ; gain = 0.000
Writing XDEF routing.
Writing XDEF routing logical nets.
Writing XDEF routing special nets.
Wrote RouteStorage: Time (s): cpu = 00:00:00 ; elapsed = 00:00:02 . Memory (MB): peak = 4220.219 ; gain = 0.000
Wrote Netlist Cache: Time (s): cpu = 00:00:00 ; elapsed = 00:00:00.094 . Memory (MB): peak = 4220.219 ; gain = 0.000
Wrote Device Cache: Time (s): cpu = 00:00:00 ; elapsed = 00:00:00.081 . Memory (MB): peak = 4220.219 ; gain = 0.000
Write Physdb Complete: Time (s): cpu = 00:00:02 ; elapsed = 00:00:05 . Memory (MB): peak = 4220.219 ; gain = 0.000
INFO: [Common 17-1381] The checkpoint 'C:/Users/OmilosNeonTexn/Desktop/tepak/erevna/FPGA_generate - Copy/vivado_thesis/thesis_ultrascale_1/thesis_ultrascale_1.runs/impl_1/nn_rgb_placed.dcp' has been generated.
write_checkpoint: Time (s): cpu = 00:00:05 ; elapsed = 00:00:16 . Memory (MB): peak = 4220.219 ; gain = 0.000
Command: phys_opt_design
Attempting to get a license for feature 'Implementation' and/or device 'xczu7ev'
INFO: [Common 17-349] Got license for feature 'Implementation' and/or device 'xczu7ev'

Starting Initial Update Timing Task

Time (s): cpu = 00:00:05 ; elapsed = 00:00:03 . Memory (MB): peak = 4220.219 ; gain = 0.000
INFO: [Vivado_Tcl 4-2279] Estimated Timing Summary | WNS= 0.508 | TNS= 0.000 | 
INFO: [Vivado_Tcl 4-383] Design worst setup slack (WNS) is greater than or equal to 0.000 ns. All physical synthesis setup optimizations will be skipped.
INFO: [Vivado_Tcl 4-232] No setup violation found. The netlist was not modified.
INFO: [Common 17-83] Releasing license: Implementation
126 Infos, 0 Warnings, 0 Critical Warnings and 0 Errors encountered.
phys_opt_design completed successfully
INFO: [Timing 38-480] Writing timing data to binary archive.
Write ShapeDB Complete: Time (s): cpu = 00:00:00 ; elapsed = 00:00:00.026 . Memory (MB): peak = 4220.219 ; gain = 0.000
Wrote PlaceDB: Time (s): cpu = 00:00:03 ; elapsed = 00:00:01 . Memory (MB): peak = 4220.219 ; gain = 0.000
Wrote PulsedLatchDB: Time (s): cpu = 00:00:00 ; elapsed = 00:00:00 . Memory (MB): peak = 4220.219 ; gain = 0.000
Writing XDEF routing.
Writing XDEF routing logical nets.
Writing XDEF routing special nets.
Wrote RouteStorage: Time (s): cpu = 00:00:00 ; elapsed = 00:00:00.155 . Memory (MB): peak = 4220.219 ; gain = 0.000
Wrote Netlist Cache: Time (s): cpu = 00:00:00 ; elapsed = 00:00:00.087 . Memory (MB): peak = 4220.219 ; gain = 0.000
Wrote Device Cache: Time (s): cpu = 00:00:00 ; elapsed = 00:00:00.045 . Memory (MB): peak = 4220.219 ; gain = 0.000
Write Physdb Complete: Time (s): cpu = 00:00:03 ; elapsed = 00:00:02 . Memory (MB): peak = 4220.219 ; gain = 0.000
INFO: [Common 17-1381] The checkpoint 'C:/Users/OmilosNeonTexn/Desktop/tepak/erevna/FPGA_generate - Copy/vivado_thesis/thesis_ultrascale_1/thesis_ultrascale_1.runs/impl_1/nn_rgb_physopt.dcp' has been generated.
Command: route_design
Attempting to get a license for feature 'Implementation' and/or device 'xczu7ev'
INFO: [Common 17-349] Got license for feature 'Implementation' and/or device 'xczu7ev'
Running DRC as a precondition to command route_design
INFO: [DRC 23-27] Running DRC with 2 threads
INFO: [Vivado_Tcl 4-198] DRC finished with 0 Errors
INFO: [Vivado_Tcl 4-199] Please refer to the DRC report (report_drc) for more information.


Starting Routing Task
INFO: [Route 35-254] Multithreading enabled for route_design using a maximum of 8 CPUs

Phase 1 Build RT Design
Checksum: PlaceDB: 21496f2b ConstDB: 0 ShapeSum: c2239aa0 RouteDB: c3a81a5c
Nodegraph reading from file.  Time (s): cpu = 00:00:02 ; elapsed = 00:00:03 . Memory (MB): peak = 4220.219 ; gain = 0.000
Post Restoration Checksum: NetGraph: 57d0e4e3 | NumContArr: e98786a0 | Constraints: 1e0a424a | Timing: c2a8fa9d
Phase 1 Build RT Design | Checksum: 2220ba86a

Time (s): cpu = 00:00:13 ; elapsed = 00:00:23 . Memory (MB): peak = 4220.219 ; gain = 0.000

Phase 2 Router Initialization

Phase 2.1 Fix Topology Constraints
Phase 2.1 Fix Topology Constraints | Checksum: 2220ba86a

Time (s): cpu = 00:00:13 ; elapsed = 00:00:24 . Memory (MB): peak = 4220.219 ; gain = 0.000

Phase 2.2 Pre Route Cleanup
Phase 2.2 Pre Route Cleanup | Checksum: 2220ba86a

Time (s): cpu = 00:00:13 ; elapsed = 00:00:24 . Memory (MB): peak = 4220.219 ; gain = 0.000

Phase 2.3 Global Clock Net Routing
 Number of Nodes with overlaps = 0
Phase 2.3 Global Clock Net Routing | Checksum: 2315c7bc2

Time (s): cpu = 00:00:16 ; elapsed = 00:00:29 . Memory (MB): peak = 4460.043 ; gain = 239.824

Phase 2.4 Update Timing
Phase 2.4 Update Timing | Checksum: 1c99b6602

Time (s): cpu = 00:00:19 ; elapsed = 00:00:31 . Memory (MB): peak = 4460.043 ; gain = 239.824
INFO: [Route 35-416] Intermediate Timing Summary | WNS=0.950  | TNS=0.000  | WHS=0.019  | THS=0.000  |


Router Utilization Summary
  Global Vertical Routing Utilization    = 0 %
  Global Horizontal Routing Utilization  = 0 %
  Routable Net Status*
  *Does not include unroutable nets such as driverless and loadless.
  Run report_route_status for detailed report.
  Number of Failed Nets               = 7122
    (Failed Nets is the sum of unrouted and partially routed nets)
  Number of Unrouted Nets             = 5351
  Number of Partially Routed Nets     = 1771
  Number of Node Overlaps             = 0

Phase 2 Router Initialization | Checksum: 1351e5838

Time (s): cpu = 00:00:28 ; elapsed = 00:00:37 . Memory (MB): peak = 4475.504 ; gain = 255.285

Phase 3 Global Routing
Phase 3 Global Routing | Checksum: 1351e5838

Time (s): cpu = 00:00:28 ; elapsed = 00:00:38 . Memory (MB): peak = 4475.504 ; gain = 255.285

Phase 4 Initial Routing

Phase 4.1 Initial Net Routing Pass
Phase 4.1 Initial Net Routing Pass | Checksum: 14d0d6e2e

Time (s): cpu = 00:00:34 ; elapsed = 00:00:43 . Memory (MB): peak = 4475.504 ; gain = 255.285
Phase 4 Initial Routing | Checksum: 167094356

Time (s): cpu = 00:00:34 ; elapsed = 00:00:43 . Memory (MB): peak = 4475.504 ; gain = 255.285

Phase 5 Rip-up And Reroute

Phase 5.1 Global Iteration 0
 Number of Nodes with overlaps = 1578
 Number of Nodes with overlaps = 264
 Number of Nodes with overlaps = 48
 Number of Nodes with overlaps = 21
 Number of Nodes with overlaps = 3
 Number of Nodes with overlaps = 0
INFO: [Route 35-416] Intermediate Timing Summary | WNS=-0.648 | TNS=-20.151| WHS=0.017  | THS=0.000  |

Phase 5.1 Global Iteration 0 | Checksum: 1a2130797

Time (s): cpu = 00:00:56 ; elapsed = 00:00:55 . Memory (MB): peak = 4475.504 ; gain = 255.285

Phase 5.2 Global Iteration 1
 Number of Nodes with overlaps = 395
 Number of Nodes with overlaps = 126
 Number of Nodes with overlaps = 25
 Number of Nodes with overlaps = 6
 Number of Nodes with overlaps = 4
 Number of Nodes with overlaps = 0
INFO: [Route 35-416] Intermediate Timing Summary | WNS=-0.201 | TNS=-3.108 | WHS=N/A    | THS=N/A    |

Phase 5.2 Global Iteration 1 | Checksum: 1cd69d2b7

Time (s): cpu = 00:01:06 ; elapsed = 00:01:00 . Memory (MB): peak = 4475.504 ; gain = 255.285

Phase 5.3 Global Iteration 2
 Number of Nodes with overlaps = 459
 Number of Nodes with overlaps = 63
 Number of Nodes with overlaps = 22
 Number of Nodes with overlaps = 10
 Number of Nodes with overlaps = 9
 Number of Nodes with overlaps = 1
 Number of Nodes with overlaps = 0
INFO: [Route 35-416] Intermediate Timing Summary | WNS=-0.035 | TNS=-0.057 | WHS=N/A    | THS=N/A    |

Phase 5.3 Global Iteration 2 | Checksum: 12512fea9

Time (s): cpu = 00:01:16 ; elapsed = 00:01:06 . Memory (MB): peak = 4475.504 ; gain = 255.285

Phase 5.4 Global Iteration 3
 Number of Nodes with overlaps = 261
 Number of Nodes with overlaps = 52
 Number of Nodes with overlaps = 9
 Number of Nodes with overlaps = 6
 Number of Nodes with overlaps = 2
 Number of Nodes with overlaps = 2
 Number of Nodes with overlaps = 1
 Number of Nodes with overlaps = 1
 Number of Nodes with overlaps = 1
 Number of Nodes with overlaps = 1
 Number of Nodes with overlaps = 0
INFO: [Route 35-416] Intermediate Timing Summary | WNS=0.057  | TNS=0.000  | WHS=N/A    | THS=N/A    |

Phase 5.4 Global Iteration 3 | Checksum: 28768428a

Time (s): cpu = 00:01:24 ; elapsed = 00:01:12 . Memory (MB): peak = 4475.504 ; gain = 255.285
Phase 5 Rip-up And Reroute | Checksum: 28768428a

Time (s): cpu = 00:01:24 ; elapsed = 00:01:12 . Memory (MB): peak = 4475.504 ; gain = 255.285

Phase 6 Delay and Skew Optimization

Phase 6.1 Delay CleanUp
Phase 6.1 Delay CleanUp | Checksum: 20fc3bb48

Time (s): cpu = 00:01:24 ; elapsed = 00:01:12 . Memory (MB): peak = 4475.504 ; gain = 255.285

Phase 6.2 Clock Skew Optimization
Phase 6.2 Clock Skew Optimization | Checksum: 20fc3bb48

Time (s): cpu = 00:01:24 ; elapsed = 00:01:12 . Memory (MB): peak = 4475.504 ; gain = 255.285
Phase 6 Delay and Skew Optimization | Checksum: 20fc3bb48

Time (s): cpu = 00:01:24 ; elapsed = 00:01:12 . Memory (MB): peak = 4475.504 ; gain = 255.285

Phase 7 Post Hold Fix

Phase 7.1 Hold Fix Iter
INFO: [Route 35-416] Intermediate Timing Summary | WNS=0.057  | TNS=0.000  | WHS=0.017  | THS=0.000  |

Phase 7.1 Hold Fix Iter | Checksum: 1f0ebf96a

Time (s): cpu = 00:01:27 ; elapsed = 00:01:14 . Memory (MB): peak = 4475.504 ; gain = 255.285
Phase 7 Post Hold Fix | Checksum: 1f0ebf96a

Time (s): cpu = 00:01:27 ; elapsed = 00:01:14 . Memory (MB): peak = 4475.504 ; gain = 255.285

Phase 8 Route finalize

Router Utilization Summary
  Global Vertical Routing Utilization    = 0.346474 %
  Global Horizontal Routing Utilization  = 0.359658 %
  Routable Net Status*
  *Does not include unroutable nets such as driverless and loadless.
  Run report_route_status for detailed report.
  Number of Failed Nets               = 0
    (Failed Nets is the sum of unrouted and partially routed nets)
  Number of Unrouted Nets             = 0
  Number of Partially Routed Nets     = 0
  Number of Node Overlaps             = 0

Phase 8 Route finalize | Checksum: 1f0ebf96a

Time (s): cpu = 00:01:28 ; elapsed = 00:01:14 . Memory (MB): peak = 4475.504 ; gain = 255.285

Phase 9 Verifying routed nets

 Verification completed successfully
Phase 9 Verifying routed nets | Checksum: 1f0ebf96a

Time (s): cpu = 00:01:28 ; elapsed = 00:01:14 . Memory (MB): peak = 4475.504 ; gain = 255.285

Phase 10 Depositing Routes
Phase 10 Depositing Routes | Checksum: 1f0ebf96a

Time (s): cpu = 00:01:29 ; elapsed = 00:01:15 . Memory (MB): peak = 4475.504 ; gain = 255.285

Phase 11 Resolve XTalk
Phase 11 Resolve XTalk | Checksum: 1f0ebf96a

Time (s): cpu = 00:01:29 ; elapsed = 00:01:15 . Memory (MB): peak = 4475.504 ; gain = 255.285

Phase 12 Post Process Routing
Phase 12 Post Process Routing | Checksum: 1f0ebf96a

Time (s): cpu = 00:01:29 ; elapsed = 00:01:15 . Memory (MB): peak = 4475.504 ; gain = 255.285

Phase 13 Post Router Timing
INFO: [Route 35-57] Estimated Timing Summary | WNS=0.057  | TNS=0.000  | WHS=0.017  | THS=0.000  |

INFO: [Route 35-327] The final timing numbers are based on the router estimated timing analysis. For a complete and accurate timing signoff, please run report_timing_summary.
Phase 13 Post Router Timing | Checksum: 1f0ebf96a

Time (s): cpu = 00:01:29 ; elapsed = 00:01:15 . Memory (MB): peak = 4475.504 ; gain = 255.285
Total Elapsed time in route_design: 74.495 secs

Phase 14 Post-Route Event Processing
Phase 14 Post-Route Event Processing | Checksum: 1a3e4babc

Time (s): cpu = 00:01:29 ; elapsed = 00:01:15 . Memory (MB): peak = 4475.504 ; gain = 255.285
INFO: [Route 35-16] Router Completed Successfully
Ending Routing Task | Checksum: 1a3e4babc

Time (s): cpu = 00:01:29 ; elapsed = 00:01:16 . Memory (MB): peak = 4475.504 ; gain = 255.285

Routing Is Done.
INFO: [Common 17-83] Releasing license: Implementation
143 Infos, 0 Warnings, 0 Critical Warnings and 0 Errors encountered.
route_design completed successfully
route_design: Time (s): cpu = 00:01:35 ; elapsed = 00:01:22 . Memory (MB): peak = 4475.504 ; gain = 255.285
INFO: [Vivado 12-24828] Executing command : report_drc -file nn_rgb_drc_routed.rpt -pb nn_rgb_drc_routed.pb -rpx nn_rgb_drc_routed.rpx
Command: report_drc -file nn_rgb_drc_routed.rpt -pb nn_rgb_drc_routed.pb -rpx nn_rgb_drc_routed.rpx
INFO: [IP_Flow 19-1839] IP Catalog is up to date.
INFO: [DRC 23-27] Running DRC with 2 threads
INFO: [Vivado_Tcl 2-168] The results of DRC are in file C:/Users/OmilosNeonTexn/Desktop/tepak/erevna/FPGA_generate - Copy/vivado_thesis/thesis_ultrascale_1/thesis_ultrascale_1.runs/impl_1/nn_rgb_drc_routed.rpt.
report_drc completed successfully
report_drc: Time (s): cpu = 00:00:08 ; elapsed = 00:00:06 . Memory (MB): peak = 4475.504 ; gain = 0.000
INFO: [Vivado 12-24828] Executing command : report_methodology -file nn_rgb_methodology_drc_routed.rpt -pb nn_rgb_methodology_drc_routed.pb -rpx nn_rgb_methodology_drc_routed.rpx
Command: report_methodology -file nn_rgb_methodology_drc_routed.rpt -pb nn_rgb_methodology_drc_routed.pb -rpx nn_rgb_methodology_drc_routed.rpx
INFO: [Timing 38-35] Done setting XDC timing constraints.
INFO: [DRC 23-133] Running Methodology with 2 threads
INFO: [Vivado_Tcl 2-1520] The results of Report Methodology are in file C:/Users/OmilosNeonTexn/Desktop/tepak/erevna/FPGA_generate - Copy/vivado_thesis/thesis_ultrascale_1/thesis_ultrascale_1.runs/impl_1/nn_rgb_methodology_drc_routed.rpt.
report_methodology completed successfully
report_methodology: Time (s): cpu = 00:00:19 ; elapsed = 00:00:13 . Memory (MB): peak = 4475.504 ; gain = 0.000
INFO: [Vivado 12-24828] Executing command : report_timing_summary -max_paths 10 -report_unconstrained -file nn_rgb_timing_summary_routed.rpt -pb nn_rgb_timing_summary_routed.pb -rpx nn_rgb_timing_summary_routed.rpx -warn_on_violation 
INFO: [Timing 38-35] Done setting XDC timing constraints.
INFO: [Timing 38-91] UpdateTimingParams: Speed grade: -2, Temperature grade: E, Delay Type: min_max.
INFO: [Timing 38-191] Multithreading enabled for timing update using a maximum of 2 CPUs
report_timing_summary: Time (s): cpu = 00:00:06 ; elapsed = 00:00:10 . Memory (MB): peak = 4475.504 ; gain = 0.000
INFO: [Vivado 12-24838] Running report commands "report_incremental_reuse, report_route_status" in parallel.
Running report generation with 2 threads.
INFO: [Vivado 12-24828] Executing command : report_incremental_reuse -file nn_rgb_incremental_reuse_routed.rpt
INFO: [Vivado_Tcl 4-1062] Incremental flow is disabled. No incremental reuse Info to report.
INFO: [Vivado 12-24828] Executing command : report_route_status -file nn_rgb_route_status.rpt -pb nn_rgb_route_status.pb
INFO: [Vivado 12-24828] Executing command : report_power -file nn_rgb_power_routed.rpt -pb nn_rgb_power_summary_routed.pb -rpx nn_rgb_power_routed.rpx
Command: report_power -file nn_rgb_power_routed.rpt -pb nn_rgb_power_summary_routed.pb -rpx nn_rgb_power_routed.rpx
Running Vector-less Activity Propagation...

Finished Running Vector-less Activity Propagation
160 Infos, 0 Warnings, 0 Critical Warnings and 0 Errors encountered.
report_power completed successfully
report_power: Time (s): cpu = 00:00:07 ; elapsed = 00:00:13 . Memory (MB): peak = 4475.504 ; gain = 0.000
INFO: [Vivado 12-24828] Executing command : report_clock_utilization -file nn_rgb_clock_utilization_routed.rpt
WARNING: [Device 21-9320] Failed to find the Oracle tile group with name 'HSR_BOUNDARY_TOP'. This is required for Clock regions and Virtual grid.
WARNING: [Device 21-2174] Failed to initialize Virtual grid.
report_clock_utilization: Time (s): cpu = 00:00:05 ; elapsed = 00:00:32 . Memory (MB): peak = 4475.504 ; gain = 0.000
INFO: [Vivado 12-24828] Executing command : report_bus_skew -warn_on_violation -file nn_rgb_bus_skew_routed.rpt -pb nn_rgb_bus_skew_routed.pb -rpx nn_rgb_bus_skew_routed.rpx
INFO: [Timing 38-91] UpdateTimingParams: Speed grade: -2, Temperature grade: E, Delay Type: min_max.
INFO: [Timing 38-191] Multithreading enabled for timing update using a maximum of 2 CPUs
generate_parallel_reports: Time (s): cpu = 00:00:46 ; elapsed = 00:01:17 . Memory (MB): peak = 4475.504 ; gain = 0.000
INFO: [Timing 38-480] Writing timing data to binary archive.
Write ShapeDB Complete: Time (s): cpu = 00:00:00 ; elapsed = 00:00:00.033 . Memory (MB): peak = 4475.504 ; gain = 0.000
Wrote PlaceDB: Time (s): cpu = 00:00:02 ; elapsed = 00:00:02 . Memory (MB): peak = 4475.504 ; gain = 0.000
Wrote PulsedLatchDB: Time (s): cpu = 00:00:00 ; elapsed = 00:00:00 . Memory (MB): peak = 4475.504 ; gain = 0.000
Writing XDEF routing.
Writing XDEF routing logical nets.
Writing XDEF routing special nets.
Wrote RouteStorage: Time (s): cpu = 00:00:00 ; elapsed = 00:00:00.862 . Memory (MB): peak = 4475.504 ; gain = 0.000
Wrote Netlist Cache: Time (s): cpu = 00:00:00 ; elapsed = 00:00:00.087 . Memory (MB): peak = 4475.504 ; gain = 0.000
Wrote Device Cache: Time (s): cpu = 00:00:00 ; elapsed = 00:00:00.101 . Memory (MB): peak = 4475.504 ; gain = 0.000
Write Physdb Complete: Time (s): cpu = 00:00:02 ; elapsed = 00:00:03 . Memory (MB): peak = 4475.504 ; gain = 0.000
INFO: [Common 17-1381] The checkpoint 'C:/Users/OmilosNeonTexn/Desktop/tepak/erevna/FPGA_generate - Copy/vivado_thesis/thesis_ultrascale_1/thesis_ultrascale_1.runs/impl_1/nn_rgb_routed.dcp' has been generated.
write_checkpoint: Time (s): cpu = 00:00:03 ; elapsed = 00:00:06 . Memory (MB): peak = 4475.504 ; gain = 0.000
INFO: [Common 17-206] Exiting Vivado at Thu Mar 19 11:30:24 2026...
