Copyright 1986-2022 Xilinx, Inc. All Rights Reserved. Copyright 2022-2024 Advanced Micro Devices, Inc. All Rights Reserved.
---------------------------------------------------------------------------------------------------------------------------------------------
| Tool Version : Vivado v.2024.1.2 (win64) Build 5164865 Thu Sep  5 14:37:11 MDT 2024
| Date         : Thu Mar 19 21:55:44 2026
| Host         : DESKTOP-0NKI8SO running 64-bit major release  (build 9200)
| Command      : report_utilization -file nn_rgb_utilization_synth.rpt -pb nn_rgb_utilization_synth.pb
| Design       : nn_rgb
| Device       : xc7s100fgga676-2
| Speed File   : -2
| Design State : Synthesized
---------------------------------------------------------------------------------------------------------------------------------------------

Utilization Design Information

Table of Contents
-----------------
1. Slice Logic
1.1 Summary of Registers by Type
2. Memory
3. DSP
4. IO and GT Specific
5. Clocking
6. Specific Feature
7. Primitives
8. Black Boxes
9. Instantiated Netlists

1. Slice Logic
--------------

+----------------------------+------+-------+------------+-----------+-------+
|          Site Type         | Used | Fixed | Prohibited | Available | Util% |
+----------------------------+------+-------+------------+-----------+-------+
| Slice LUTs*                | 5038 |     0 |          0 |     64000 |  7.87 |
|   LUT as Logic             | 5027 |     0 |          0 |     64000 |  7.85 |
|   LUT as Memory            |   11 |     0 |          0 |     17600 |  0.06 |
|     LUT as Distributed RAM |    0 |     0 |            |           |       |
|     LUT as Shift Register  |   11 |     0 |            |           |       |
| Slice Registers            |  329 |     0 |          0 |    128000 |  0.26 |
|   Register as Flip Flop    |  329 |     0 |          0 |    128000 |  0.26 |
|   Register as Latch        |    0 |     0 |          0 |    128000 |  0.00 |
| F7 Muxes                   |    0 |     0 |          0 |     32000 |  0.00 |
| F8 Muxes                   |    0 |     0 |          0 |     16000 |  0.00 |
+----------------------------+------+-------+------------+-----------+-------+
* Warning! The Final LUT count, after physical optimizations and full implementation, is typically lower. Run opt_design after synthesis, if not already completed, for a more realistic count.
Warning! LUT value is adjusted to account for LUT combining.
Warning! For any ECO changes, please run place_design if there are unplaced instances


1.1 Summary of Registers by Type
--------------------------------

+-------+--------------+-------------+--------------+
| Total | Clock Enable | Synchronous | Asynchronous |
+-------+--------------+-------------+--------------+
| 0     |            _ |           - |            - |
| 0     |            _ |           - |          Set |
| 0     |            _ |           - |        Reset |
| 0     |            _ |         Set |            - |
| 0     |            _ |       Reset |            - |
| 0     |          Yes |           - |            - |
| 0     |          Yes |           - |          Set |
| 0     |          Yes |           - |        Reset |
| 9     |          Yes |         Set |            - |
| 320   |          Yes |       Reset |            - |
+-------+--------------+-------------+--------------+


2. Memory
---------

+----------------+------+-------+------------+-----------+-------+
|    Site Type   | Used | Fixed | Prohibited | Available | Util% |
+----------------+------+-------+------------+-----------+-------+
| Block RAM Tile |    0 |     0 |          0 |       120 |  0.00 |
|   RAMB36/FIFO* |    0 |     0 |          0 |       120 |  0.00 |
|   RAMB18       |    0 |     0 |          0 |       240 |  0.00 |
+----------------+------+-------+------------+-----------+-------+
* Note: Each Block RAM Tile only has one FIFO logic available and therefore can accommodate only one FIFO36E1 or one FIFO18E1. However, if a FIFO18E1 occupies a Block RAM Tile, that tile can still accommodate a RAMB18E1


3. DSP
------

+----------------+------+-------+------------+-----------+-------+
|    Site Type   | Used | Fixed | Prohibited | Available | Util% |
+----------------+------+-------+------------+-----------+-------+
| DSPs           |   71 |     0 |          0 |       160 | 44.38 |
|   DSP48E1 only |   71 |       |            |           |       |
+----------------+------+-------+------------+-----------+-------+


4. IO and GT Specific
---------------------

+-----------------------------+------+-------+------------+-----------+-------+
|          Site Type          | Used | Fixed | Prohibited | Available | Util% |
+-----------------------------+------+-------+------------+-----------+-------+
| Bonded IOB                  |   60 |     0 |          0 |       400 | 15.00 |
| Bonded IPADs                |    0 |     0 |          0 |         2 |  0.00 |
| PHY_CONTROL                 |    0 |     0 |          0 |         8 |  0.00 |
| PHASER_REF                  |    0 |     0 |          0 |         8 |  0.00 |
| OUT_FIFO                    |    0 |     0 |          0 |        32 |  0.00 |
| IN_FIFO                     |    0 |     0 |          0 |        32 |  0.00 |
| IDELAYCTRL                  |    0 |     0 |          0 |         8 |  0.00 |
| IBUFDS                      |    0 |     0 |          0 |       384 |  0.00 |
| PHASER_OUT/PHASER_OUT_PHY   |    0 |     0 |          0 |        32 |  0.00 |
| PHASER_IN/PHASER_IN_PHY     |    0 |     0 |          0 |        32 |  0.00 |
| IDELAYE2/IDELAYE2_FINEDELAY |    0 |     0 |          0 |       400 |  0.00 |
| ILOGIC                      |    0 |     0 |          0 |       400 |  0.00 |
| OLOGIC                      |    0 |     0 |          0 |       400 |  0.00 |
+-----------------------------+------+-------+------------+-----------+-------+


5. Clocking
-----------

+------------+------+-------+------------+-----------+-------+
|  Site Type | Used | Fixed | Prohibited | Available | Util% |
+------------+------+-------+------------+-----------+-------+
| BUFGCTRL   |    1 |     0 |          0 |        32 |  3.13 |
| BUFIO      |    0 |     0 |          0 |        32 |  0.00 |
| MMCME2_ADV |    0 |     0 |          0 |         8 |  0.00 |
| PLLE2_ADV  |    0 |     0 |          0 |         8 |  0.00 |
| BUFMRCE    |    0 |     0 |          0 |        16 |  0.00 |
| BUFHCE     |    0 |     0 |          0 |        96 |  0.00 |
| BUFR       |    0 |     0 |          0 |        32 |  0.00 |
+------------+------+-------+------------+-----------+-------+


6. Specific Feature
-------------------

+-------------+------+-------+------------+-----------+-------+
|  Site Type  | Used | Fixed | Prohibited | Available | Util% |
+-------------+------+-------+------------+-----------+-------+
| BSCANE2     |    0 |     0 |          0 |         4 |  0.00 |
| CAPTUREE2   |    0 |     0 |          0 |         1 |  0.00 |
| DNA_PORT    |    0 |     0 |          0 |         1 |  0.00 |
| EFUSE_USR   |    0 |     0 |          0 |         1 |  0.00 |
| FRAME_ECCE2 |    0 |     0 |          0 |         1 |  0.00 |
| ICAPE2      |    0 |     0 |          0 |         2 |  0.00 |
| STARTUPE2   |    0 |     0 |          0 |         1 |  0.00 |
| XADC        |    0 |     0 |          0 |         1 |  0.00 |
+-------------+------+-------+------------+-----------+-------+


7. Primitives
-------------

+----------+------+---------------------+
| Ref Name | Used | Functional Category |
+----------+------+---------------------+
| LUT3     | 1404 |                 LUT |
| LUT1     | 1180 |                 LUT |
| LUT2     | 1119 |                 LUT |
| CARRY4   | 1032 |          CarryLogic |
| LUT5     |  755 |                 LUT |
| LUT6     |  754 |                 LUT |
| LUT4     |  388 |                 LUT |
| FDRE     |  320 |        Flop & Latch |
| DSP48E1  |   71 |    Block Arithmetic |
| OBUF     |   31 |                  IO |
| IBUF     |   29 |                  IO |
| SRL16E   |   11 |  Distributed Memory |
| FDSE     |    9 |        Flop & Latch |
| BUFG     |    1 |               Clock |
+----------+------+---------------------+


8. Black Boxes
--------------

+----------+------+
| Ref Name | Used |
+----------+------+


9. Instantiated Netlists
------------------------

+----------+------+
| Ref Name | Used |
+----------+------+


