Copyright 1986-2022 Xilinx, Inc. All Rights Reserved. Copyright 2022-2024 Advanced Micro Devices, Inc. All Rights Reserved.
-------------------------------------------------------------------------------------------------------------------------------------------------
| Tool Version     : Vivado v.2024.1.2 (win64) Build 5164865 Thu Sep  5 14:37:11 MDT 2024
| Date             : Thu Mar 19 16:59:24 2026
| Host             : DESKTOP-0NKI8SO running 64-bit major release  (build 9200)
| Command          : report_power -file nn_rgb_power_routed.rpt -pb nn_rgb_power_summary_routed.pb -rpx nn_rgb_power_routed.rpx
| Design           : nn_rgb
| Device           : xc7s100fgga676-2
| Design State     : routed
| Grade            : commercial
| Process          : typical
| Characterization : Production
-------------------------------------------------------------------------------------------------------------------------------------------------

Power Report

Table of Contents
-----------------
1. Summary
1.1 On-Chip Components
1.2 Power Supply Summary
1.3 Confidence Level
2. Settings
2.1 Environment
2.2 Clock Constraints
3. Detailed Reports
3.1 By Hierarchy

1. Summary
----------

+--------------------------+-----------------------------------+
| Total On-Chip Power (W)  | 206.004 (Junction temp exceeded!) |
| Design Power Budget (W)  | Unspecified*                      |
| Power Budget Margin (W)  | NA                                |
| Dynamic (W)              | 205.186                           |
| Device Static (W)        | 0.819                             |
| Effective TJA (C/W)      | 2.4                               |
| Max Ambient (C)          | 0.0                               |
| Junction Temperature (C) | 125.0                             |
| Confidence Level         | Low                               |
| Setting File             | ---                               |
| Simulation Activity File | ---                               |
| Design Nets Matched      | NA                                |
+--------------------------+-----------------------------------+
* Specify Design Power Budget using, set_operating_conditions -design_power_budget <value in Watts>


1.1 On-Chip Components
----------------------

+-------------------------+-----------+----------+-----------+-----------------+
| On-Chip                 | Power (W) | Used     | Available | Utilization (%) |
+-------------------------+-----------+----------+-----------+-----------------+
| Slice Logic             |    61.174 |     7197 |       --- |             --- |
|   LUT as Logic          |    55.293 |     5003 |     64000 |            7.82 |
|   CARRY4                |     5.467 |     1032 |     16000 |            6.45 |
|   Register              |     0.341 |      344 |    128000 |            0.27 |
|   LUT as Shift Register |     0.068 |        7 |     17600 |            0.04 |
|   BUFG                  |     0.006 |        1 |        32 |            3.13 |
|   Others                |     0.000 |      205 |       --- |             --- |
| Signals                 |    65.521 |     7608 |       --- |             --- |
| DSPs                    |    55.650 |       71 |       160 |           44.38 |
| I/O                     |    22.841 |       60 |       400 |           15.00 |
| Static Power            |     0.819 |          |           |                 |
| Total                   |   206.004 |          |           |                 |
+-------------------------+-----------+----------+-----------+-----------------+


1.2 Power Supply Summary
------------------------

+-----------+-------------+-----------+-------------+------------+-------------+-------------+------------+
| Source    | Voltage (V) | Total (A) | Dynamic (A) | Static (A) | Powerup (A) | Budget (A)  | Margin (A) |
+-----------+-------------+-----------+-------------+------------+-------------+-------------+------------+
| Vccint    |       1.000 |   182.995 |     182.456 |      0.538 |       NA    | Unspecified | NA         |
| Vccaux    |       1.800 |     1.970 |       1.861 |      0.110 |       NA    | Unspecified | NA         |
| Vcco33    |       3.300 |     0.000 |       0.000 |      0.000 |       NA    | Unspecified | NA         |
| Vcco25    |       2.500 |     0.000 |       0.000 |      0.000 |       NA    | Unspecified | NA         |
| Vcco18    |       1.800 |    10.771 |      10.767 |      0.004 |       NA    | Unspecified | NA         |
| Vcco15    |       1.500 |     0.000 |       0.000 |      0.000 |       NA    | Unspecified | NA         |
| Vcco135   |       1.350 |     0.000 |       0.000 |      0.000 |       NA    | Unspecified | NA         |
| Vcco12    |       1.200 |     0.000 |       0.000 |      0.000 |       NA    | Unspecified | NA         |
| Vccaux_io |       1.800 |     0.000 |       0.000 |      0.000 |       NA    | Unspecified | NA         |
| Vccbram   |       1.000 |     0.040 |       0.000 |      0.040 |       NA    | Unspecified | NA         |
| Vccadc    |       1.800 |     0.020 |       0.000 |      0.020 |       NA    | Unspecified | NA         |
+-----------+-------------+-----------+-------------+------------+-------------+-------------+------------+


1.3 Confidence Level
--------------------

+-----------------------------+------------+--------------------------------------------------------+--------------------------------------------------------------------------------------------------------------------+
| User Input Data             | Confidence | Details                                                | Action                                                                                                             |
+-----------------------------+------------+--------------------------------------------------------+--------------------------------------------------------------------------------------------------------------------+
| Design implementation state | High       | Design is routed                                       |                                                                                                                    |
| Clock nodes activity        | Low        | User specified less than 75% of clocks                 | Provide missing clock activity with a constraint file, simulation results or by editing the "By Clock Domain" view |
| I/O nodes activity          | Low        | More than 75% of inputs are missing user specification | Provide missing input activity with simulation results or by editing the "By Resource Type -> I/Os" view           |
| Internal nodes activity     | Medium     | User specified less than 25% of internal nodes         | Provide missing internal nodes activity with simulation results or by editing the "By Resource Type" views         |
| Device models               | High       | Device models are Production                           |                                                                                                                    |
|                             |            |                                                        |                                                                                                                    |
| Overall confidence level    | Low        |                                                        |                                                                                                                    |
+-----------------------------+------------+--------------------------------------------------------+--------------------------------------------------------------------------------------------------------------------+


2. Settings
-----------

2.1 Environment
---------------

+-----------------------+--------------------------+
| Ambient Temp (C)      | 25.0                     |
| ThetaJA (C/W)         | 2.4                      |
| Airflow (LFM)         | 250                      |
| Heat Sink             | medium (Medium Profile)  |
| ThetaSA (C/W)         | 2.8                      |
| Board Selection       | medium (10"x10")         |
| # of Board Layers     | 12to15 (12 to 15 Layers) |
| Board Temperature (C) | 25.0                     |
+-----------------------+--------------------------+


2.2 Clock Constraints
---------------------

+-------+--------+-----------------+
| Clock | Domain | Constraint (ns) |
+-------+--------+-----------------+


3. Detailed Reports
-------------------

3.1 By Hierarchy
----------------

+-----------------------+-----------+
| Name                  | Power (W) |
+-----------------------+-----------+
| nn_rgb                |   205.186 |
|   control             |     0.025 |
|   gen[1].gen2[0].knot |    19.452 |
|     gen[0].mult       |     1.020 |
|     gen[1].mult       |     0.997 |
|     gen[2].mult       |     0.831 |
|     sigmoid           |    14.155 |
|       U_ROM           |    14.155 |
|   gen[1].gen2[1].knot |    18.932 |
|     gen[0].mult       |     0.984 |
|     gen[1].mult       |     1.156 |
|     gen[2].mult       |     1.240 |
|     sigmoid           |    13.366 |
|       U_ROM           |    13.366 |
|   gen[1].gen2[2].knot |    18.585 |
|     gen[0].mult       |     1.090 |
|     gen[1].mult       |     1.275 |
|     gen[2].mult       |     0.919 |
|     sigmoid           |    13.121 |
|       U_ROM           |    13.121 |
|   gen[1].gen2[3].knot |    18.494 |
|     gen[0].mult       |     0.437 |
|     gen[1].mult       |     1.041 |
|     gen[2].mult       |     1.321 |
|     sigmoid           |    13.661 |
|       U_ROM           |    13.661 |
|   gen[1].gen2[4].knot |    19.167 |
|     gen[0].mult       |     1.278 |
|     gen[1].mult       |     1.337 |
|     gen[2].mult       |     0.574 |
|     sigmoid           |    13.866 |
|       U_ROM           |    13.866 |
|   gen[1].gen2[5].knot |    17.828 |
|     gen[0].mult       |     0.864 |
|     gen[1].mult       |     0.848 |
|     gen[2].mult       |     0.930 |
|     sigmoid           |    13.086 |
|       U_ROM           |    13.086 |
|   gen[1].gen2[6].knot |    19.396 |
|     gen[0].mult       |     0.829 |
|     gen[1].mult       |     0.830 |
|     gen[2].mult       |     0.911 |
|     sigmoid           |    14.408 |
|       U_ROM           |    14.408 |
|   gen[2].gen2[0].knot |    23.939 |
|     gen[0].mult       |     0.945 |
|     gen[1].mult       |     1.492 |
|     gen[2].mult       |     0.941 |
|     gen[3].mult       |     0.919 |
|     gen[4].mult       |     0.845 |
|     gen[5].mult       |     1.211 |
|     gen[6].mult       |     0.864 |
|     sigmoid           |    14.255 |
|       U_ROM           |    13.953 |
|   gen[2].gen2[1].knot |    24.991 |
|     gen[0].mult       |     0.977 |
|     gen[1].mult       |     1.132 |
|     gen[2].mult       |     1.156 |
|     gen[3].mult       |     1.020 |
|     gen[4].mult       |     1.237 |
|     gen[5].mult       |     0.863 |
|     gen[6].mult       |     1.089 |
|     sigmoid           |    14.473 |
|       U_ROM           |    14.174 |
+-----------------------+-----------+


