#-----------------------------------------------------------
# Vivado v2024.1.2 (64-bit)
# SW Build 5164865 on Thu Sep  5 14:37:11 MDT 2024
# IP Build 5164407 on Fri Sep  6 08:18:11 MDT 2024
# SharedData Build 5164864 on Thu Sep 05 13:09:09 MDT 2024
# Start of session at: Wed Mar 18 21:12:10 2026
# Process ID: 16556
# Current directory: C:/Users/OmilosNeonTexn/Desktop/tepak/erevna/FPGA_generate - Copy/vivado_thesis/thesis_ultrascale_1
# Command line: vivado.exe -gui_launcher_event rodinguilauncherevent13072 C:\Users\OmilosNeonTexn\Desktop\tepak\erevna\FPGA_generate - Copy\vivado_thesis\thesis_ultrascale_1\thesis_ultrascale_1.xpr
# Log file: C:/Users/OmilosNeonTexn/Desktop/tepak/erevna/FPGA_generate - Copy/vivado_thesis/thesis_ultrascale_1/vivado.log
# Journal file: C:/Users/OmilosNeonTexn/Desktop/tepak/erevna/FPGA_generate - Copy/vivado_thesis/thesis_ultrascale_1\vivado.jou
# Running On        :DESKTOP-0NKI8SO
# Platform          :Windows Server 2016 or Windows 10
# Operating System  :19045
# Processor Detail  :Intel(R) Core(TM) i5-4460  CPU @ 3.20GHz
# CPU Frequency     :3193 MHz
# CPU Physical cores:4
# CPU Logical cores :4
# Host memory       :10622 MB
# Swap memory       :19327 MB
# Total Virtual     :29949 MB
# Available Virtual :19565 MB
#-----------------------------------------------------------
start_gui
open_project {C:/Users/OmilosNeonTexn/Desktop/tepak/erevna/FPGA_generate - Copy/vivado_thesis/thesis_ultrascale_1/thesis_ultrascale_1.xpr}
INFO: [ProjectBase 1-489] The host OS only allows 260 characters in a normal path. The project is stored in a path with more than 80 characters. If you experience issues with IP, Block Designs, or files not being found, please consider moving the project to a location with a shorter path. Alternately consider using the OS subst command to map part of the path to a drive letter.
Current project path is 'C:/Users/OmilosNeonTexn/Desktop/tepak/erevna/FPGA_generate - Copy/vivado_thesis/thesis_ultrascale_1'
