Copyright 1986-2022 Xilinx, Inc. All Rights Reserved. Copyright 2022-2024 Advanced Micro Devices, Inc. All Rights Reserved.
--------------------------------------------------------------------------------------------------------------------------------------------------------------------------------------------------------------------
| Tool Version : Vivado v.2024.1.2 (win64) Build 5164865 Thu Sep  5 14:37:11 MDT 2024
| Date         : Thu Mar 19 22:02:43 2026
| Host         : DESKTOP-0NKI8SO running 64-bit major release  (build 9200)
| Command      : report_clocks -file {C:/Users/OmilosNeonTexn/Desktop/tepak/erevna/FPGA_generate - Copy/vivado_thesis/thesis_ultrascale_1 - spartan7/thesis_ultrascale_1 - spartan7/reports/clock_summary_impl.rpt}
| Design       : nn_rgb
| Device       : 7s100-fgga676
| Speed File   : -2  PRODUCTION 1.23 2018-06-13
| Design State : Routed
--------------------------------------------------------------------------------------------------------------------------------------------------------------------------------------------------------------------

Clock Report


Attributes
  P: Propagated
  G: Generated
  A: Auto-derived
  R: Renamed
  V: Virtual
  I: Inverted
  S: Pin phase-shifted with Latency mode

Clock   Period(ns)  Waveform(ns)   Attributes  Sources
clk_in  13.468      {0.000 6.734}  P           {clk}


====================================================
Generated Clocks
====================================================



====================================================
User Uncertainty
====================================================



====================================================
User Jitter
====================================================


