Copyright 1986-2022 Xilinx, Inc. All Rights Reserved. Copyright 2022-2024 Advanced Micro Devices, Inc. All Rights Reserved.
-----------------------------------------------------------------------------------------------------------------------------------------------------------------------------------
| Tool Version : Vivado v.2024.1.2 (win64) Build 5164865 Thu Sep  5 14:37:11 MDT 2024
| Date         : Fri Mar 20 02:52:48 2026
| Host         : DESKTOP-0NKI8SO running 64-bit major release  (build 9200)
| Command      : report_clocks -file {C:/Users/OmilosNeonTexn/Desktop/tepak/erevna/FPGA_generate - Copy/vivado_thesis/thesis_ultrascale_1 - artix7/reports/clock_summary_impl.rpt}
| Design       : nn_rgb
| Device       : 7a200t-fbg676
| Speed File   : -2  PRODUCTION 1.23 2018-06-13
| Design State : Routed
-----------------------------------------------------------------------------------------------------------------------------------------------------------------------------------

Clock Report


Attributes
  P: Propagated
  G: Generated
  A: Auto-derived
  R: Renamed
  V: Virtual
  I: Inverted
  S: Pin phase-shifted with Latency mode

Clock  Period(ns)  Waveform(ns)   Attributes  Sources
clk    11.765      {0.000 5.883}  P           {clk}


====================================================
Generated Clocks
====================================================



====================================================
User Uncertainty
====================================================



====================================================
User Jitter
====================================================


