#-----------------------------------------------------------
# Vivado v2024.1.2 (64-bit)
# SW Build 5164865 on Thu Sep  5 14:37:11 MDT 2024
# IP Build 5164407 on Fri Sep  6 08:18:11 MDT 2024
# SharedData Build 5164864 on Thu Sep 05 13:09:09 MDT 2024
# Start of session at: Thu Mar 19 17:17:40 2026
# Process ID: 15124
# Current directory: C:/Users/OmilosNeonTexn/Desktop/tepak/erevna/FPGA_generate - Copy/vivado_thesis/thesis_ultrascale_1 - spartan7/thesis_ultrascale_1 - spartan7
# Command line: vivado.exe -mode batch -source ..\..\rerun_vivado.tcl
# Log file: C:/Users/OmilosNeonTexn/Desktop/tepak/erevna/FPGA_generate - Copy/vivado_thesis/thesis_ultrascale_1 - spartan7/thesis_ultrascale_1 - spartan7/vivado.log
# Journal file: C:/Users/OmilosNeonTexn/Desktop/tepak/erevna/FPGA_generate - Copy/vivado_thesis/thesis_ultrascale_1 - spartan7/thesis_ultrascale_1 - spartan7\vivado.jou
# Running On        :DESKTOP-0NKI8SO
# Platform          :Windows Server 2016 or Windows 10
# Operating System  :19045
# Processor Detail  :Intel(R) Core(TM) i5-4460  CPU @ 3.20GHz
# CPU Frequency     :3193 MHz
# CPU Physical cores:4
# CPU Logical cores :4
# Host memory       :10622 MB
# Swap memory       :19327 MB
# Total Virtual     :29949 MB
# Available Virtual :14636 MB
#-----------------------------------------------------------
source {..\..\rerun_vivado.tcl}
couldn't read file "..\..\rerun_vivado.tcl": no such file or directory
INFO: [Common 17-206] Exiting Vivado at Thu Mar 19 17:17:48 2026...
